Started GET "/" for ::1 at 2016-11-14 14:29:10 +0800
Processing by Rails::WelcomeController#index as HTML
  Parameters: {"internal"=>true}
  Rendering /Users/liaosenshi/.rvm/gems/ruby-2.2.4/gems/railties-5.0.0.1/lib/rails/templates/rails/welcome/index.html.erb
  Rendered /Users/liaosenshi/.rvm/gems/ruby-2.2.4/gems/railties-5.0.0.1/lib/rails/templates/rails/welcome/index.html.erb (12.0ms)
Completed 200 OK in 36ms (Views: 17.0ms | ActiveRecord: 0.0ms)


Started GET "/" for ::1 at 2016-11-14 14:29:10 +0800
Processing by Rails::WelcomeController#index as HTML
  Parameters: {"internal"=>true}
  Rendering /Users/liaosenshi/.rvm/gems/ruby-2.2.4/gems/railties-5.0.0.1/lib/rails/templates/rails/welcome/index.html.erb
  Rendered /Users/liaosenshi/.rvm/gems/ruby-2.2.4/gems/railties-5.0.0.1/lib/rails/templates/rails/welcome/index.html.erb (2.5ms)
Completed 200 OK in 6ms (Views: 4.6ms | ActiveRecord: 0.0ms)


Started GET "/" for ::1 at 2016-11-14 14:29:11 +0800
Processing by Rails::WelcomeController#index as HTML
  Parameters: {"internal"=>true}
  Rendering /Users/liaosenshi/.rvm/gems/ruby-2.2.4/gems/railties-5.0.0.1/lib/rails/templates/rails/welcome/index.html.erb
  Rendered /Users/liaosenshi/.rvm/gems/ruby-2.2.4/gems/railties-5.0.0.1/lib/rails/templates/rails/welcome/index.html.erb (2.8ms)
Completed 200 OK in 6ms (Views: 4.5ms | ActiveRecord: 0.0ms)


Started GET "/" for ::1 at 2016-11-14 14:51:41 +0800
Processing by ApplicationController#hello as HTML
  Rendering html template
  Rendered html template (0.0ms)
Completed 200 OK in 29ms (Views: 28.6ms | ActiveRecord: 0.0ms)


Started GET "/" for ::1 at 2016-11-14 14:52:53 +0800
Processing by ApplicationController#hello as HTML
  Rendering html template
  Rendered html template (0.0ms)
Completed 200 OK in 1ms (Views: 0.5ms | ActiveRecord: 0.0ms)


Started GET "/" for ::1 at 2016-11-14 14:54:07 +0800
Processing by ApplicationController#goodbye as HTML
  Rendering html template
  Rendered html template (0.0ms)
Completed 200 OK in 1ms (Views: 0.5ms | ActiveRecord: 0.0ms)


